JvmtiExport can_access_local_variables 0
JvmtiExport can_hotswap_or_post_breakpoint 0
JvmtiExport can_post_on_exceptions 0
# 1070 ciObject found
ciMethod java/lang/Object <init> ()V 4097 1 10324294 0 0
ciMethod java/lang/Object getClass ()Ljava/lang/Class; 2049 1 256 0 -1
ciMethod java/lang/Object hashCode ()I 2049 1 256 0 -1
ciMethod java/lang/Object equals (Ljava/lang/Object;)Z 4097 1 100839 0 64
ciMethod java/lang/String <init> ([CII)V 2057 1 5491 0 -1
ciMethod java/lang/String length ()I 4097 1 3197400 0 -1
ciMethod java/lang/String charAt (I)C 4097 1 4717532 0 -1
ciMethod java/lang/String equals (Ljava/lang/Object;)Z 2049 12537 6049 0 -1
ciMethod java/lang/String substring (I)Ljava/lang/String; 2249 1 5627 0 928
ciMethod java/lang/String substring (II)Ljava/lang/String; 2073 1 5625 0 -1
ciMethod java/lang/System arraycopy (Ljava/lang/Object;ILjava/lang/Object;II)V 5121 1 640 0 -1
ciMethod java/util/Map isEmpty ()Z 0 0 1 0 -1
ciMethod java/util/Map get (Ljava/lang/Object;)Ljava/lang/Object; 0 0 1 0 -1
ciMethod java/util/Map put (Ljava/lang/Object;Ljava/lang/Object;)Ljava/lang/Object; 0 0 1 0 -1
ciMethod java/util/Map keySet ()Ljava/util/Set; 0 0 1 0 -1
ciMethod java/util/Map forEach (Ljava/util/function/BiConsumer;)V 3073 3193 555 0 -1
ciMethod java/lang/invoke/DirectMethodHandle internalMemberName (Ljava/lang/Object;)Ljava/lang/Object; 2073 1 1296427 0 -1
ciMethod java/lang/StringBuilder <init> ()V 665 1 368553 0 -1
ciMethod java/lang/StringBuilder append (Ljava/lang/Object;)Ljava/lang/StringBuilder; 945 1 13891 0 -1
ciMethod java/lang/StringBuilder append (Ljava/lang/String;)Ljava/lang/StringBuilder; 1209 1 803003 0 -1
ciMethod java/lang/StringBuilder append (C)Ljava/lang/StringBuilder; 4097 1 488288 0 -1
ciMethod java/lang/StringBuilder toString ()Ljava/lang/String; 665 1 358247 0 -1
ciMethod java/lang/Float floatValue ()F 9 1 149 0 -1
ciMethod java/lang/Float floatToRawIntBits (F)I 3073 1 126 0 -1
ciMethod java/lang/Number <init> ()V 3201 1 94509 0 32
ciMethod java/lang/Double doubleValue ()D 17 1 104 0 -1
ciMethod java/lang/Double doubleToRawLongBits (D)J 2049 1 256 0 -1
ciMethod java/lang/Integer valueOf (I)Ljava/lang/Integer; 457 1 291679 0 192
ciMethod java/lang/Integer <init> (I)V 2297 1 76780 0 32
ciMethod java/lang/Integer intValue ()I 1153 1 144 0 -1
ciMethod java/lang/Integer compare (II)I 2929 1 97842 0 64
ciMethod java/lang/Long longValue ()J 681 1 37722 0 -1
ciMethod java/util/Collection isEmpty ()Z 0 0 1 0 -1
ciMethod java/util/Collection toArray ()[Ljava/lang/Object; 0 0 1 0 -1
ciMethod java/util/List size ()I 0 0 1 0 -1
ciMethod java/util/List isEmpty ()Z 0 0 1 0 -1
ciMethod java/util/List contains (Ljava/lang/Object;)Z 0 0 1 0 -1
ciMethod java/util/List iterator ()Ljava/util/Iterator; 0 0 1 0 -1
ciMethod java/util/List add (Ljava/lang/Object;)Z 0 0 1 0 -1
ciMethod java/util/List clear ()V 0 0 1 0 -1
ciMethod java/util/List get (I)Ljava/lang/Object; 0 0 1 0 -1
ciMethod java/util/List indexOf (Ljava/lang/Object;)I 0 0 1 0 -1
ciMethod java/util/AbstractList <init> ()V 2049 1 803512 0 32
ciMethod java/util/AbstractCollection <init> ()V 417 1 1613686 0 32
ciMethod java/util/AbstractCollection isEmpty ()Z 2049 1 97302 0 -1
ciMethod java/util/ArrayList <init> (I)V 2097 1 6432 0 320
ciMethod java/util/ArrayList <init> ()V 1089 1 574734 0 64
ciMethod java/util/ArrayList calculateCapacity ([Ljava/lang/Object;I)I 761 1 339430 0 0
ciMethod java/util/ArrayList ensureCapacityInternal (I)V 761 1 339430 0 576
ciMethod java/util/ArrayList ensureExplicitCapacity (I)V 761 1 339592 0 544
ciMethod java/util/ArrayList grow (I)V 121 1 10287 0 544
ciMethod java/util/ArrayList hugeCapacity (I)I 0 0 1 0 -1
ciMethod java/util/ArrayList size ()I 1025 1 128 0 0
ciMethod java/util/ArrayList isEmpty ()Z 2225 1 9778 0 64
ciMethod java/util/ArrayList indexOf (Ljava/lang/Object;)I 945 32849 19128 0 544
ciMethod java/util/ArrayList toArray ()[Ljava/lang/Object; 2177 1 8471 0 416
ciMethod java/util/ArrayList elementData (I)Ljava/lang/Object; 2313 1 80570 0 96
ciMethod java/util/ArrayList get (I)Ljava/lang/Object; 2265 1 76467 0 128
ciMethod java/util/ArrayList add (Ljava/lang/Object;)Z 761 1 319834 0 768
ciMethod java/util/ArrayList rangeCheck (I)V 2281 1 80563 0 64
ciMethod java/util/ArrayList iterator ()Ljava/util/Iterator; 2065 1 20169 0 160
ciMethod java/util/ArrayList access$000 (Ljava/util/ArrayList;)I 1169 1 146 0 0
ciMethod java/util/Collections newSetFromMap (Ljava/util/Map;)Ljava/util/Set; 2081 1 42036 0 0
ciMethod java/util/Set contains (Ljava/lang/Object;)Z 0 0 1 0 -1
ciMethod java/util/Set iterator ()Ljava/util/Iterator; 0 0 1 0 -1
ciMethod java/util/Set add (Ljava/lang/Object;)Z 0 0 1 0 -1
ciMethod java/util/AbstractSet <init> ()V 49 1 397257 0 32
ciMethod java/util/AbstractMap <init> ()V 489 1 396317 0 32
ciMethod java/util/HashMap <init> ()V 161 1 285894 0 32
ciMethod java/lang/Math max (II)I 625 1 261017 0 -1
ciMethod java/util/Objects requireNonNull (Ljava/lang/Object;)Ljava/lang/Object; 2081 1 1153715 0 64
ciMethod java/util/Iterator hasNext ()Z 0 0 1 0 -1
ciMethod java/util/Iterator next ()Ljava/lang/Object; 0 0 1 0 -1
ciMethod java/util/Arrays copyOf ([Ljava/lang/Object;I)[Ljava/lang/Object; 2049 1 38795 0 384
ciMethod java/util/Arrays copyOf ([Ljava/lang/Object;ILjava/lang/Class;)[Ljava/lang/Object; 2065 1 6500 0 -1
ciMethod java/util/Arrays copyOfRange ([BII)[B 1 1 475 0 -1
ciMethod java/util/Arrays asList ([Ljava/lang/Object;)Ljava/util/List; 1561 1 95759 0 224
ciMethod java/lang/Enum ordinal ()I 1033 1 129 0 -1
ciMethodData java/lang/Object <init> ()V 2 10324294 orig 264 104 147 135 110 0 0 0 0 128 4 122 23 0 0 0 0 32 1 0 0 0 0 0 0 0 0 0 0 0 0 0 0 0 0 0 0 0 0 0 0 0 0 0 0 0 0 0 0 0 0 0 0 0 0 0 0 0 0 0 0 0 0 0 0 0 0 0 0 0 0 0 0 0 0 0 0 0 0 0 0 77 68 79 32 101 120 116 114 97 32 100 97 116 97 32 108 111 99 107 0 0 0 0 0 0 0 0 0 0 0 0 0 0 0 0 0 0 0 0 0 0 0 0 0 0 0 0 0 0 0 0 0 0 0 0 0 0 0 0 0 0 0 0 0 0 0 0 0 0 0 0 0 0 0 0 0 0 0 0 0 0 0 0 0 0 0 0 0 0 0 0 0 0 0 0 0 0 0 0 0 0 0 0 0 1 0 0 0 0 0 0 0 1 0 0 0 0 0 0 0 1 0 0 0 0 0 0 0 0 0 0 0 0 0 0 0 0 2 0 0 49 58 236 4 1 0 0 0 0 0 0 0 0 0 0 0 2 0 0 0 0 0 3 0 1 0 0 0 0 0 0 0 255 255 255 255 0 0 0 0 0 0 0 0 data 0 oops 0
ciMethod java/util/Collections$SetFromMap <init> (Ljava/util/Map;)V 2081 1 13644 0 384
ciMethod java/util/Collections$SetFromMap add (Ljava/lang/Object;)Z 2049 1 20560 0 960
ciMethod java/util/concurrent/ConcurrentHashMap spread (I)I 2049 1 488776 0 -1
ciMethod java/util/concurrent/ConcurrentHashMap tabAt ([Ljava/util/concurrent/ConcurrentHashMap$Node;I)Ljava/util/concurrent/ConcurrentHashMap$Node; 2049 1 992128 0 -1
ciMethod java/util/concurrent/ConcurrentHashMap casTabAt ([Ljava/util/concurrent/ConcurrentHashMap$Node;ILjava/util/concurrent/ConcurrentHashMap$Node;Ljava/util/concurrent/ConcurrentHashMap$Node;)Z 3073 1 85748 0 -1
ciMethod java/util/concurrent/ConcurrentHashMap setTabAt ([Ljava/util/concurrent/ConcurrentHashMap$Node;ILjava/util/concurrent/ConcurrentHashMap$Node;)V 2097 1 70730 0 -1
ciMethod java/util/concurrent/ConcurrentHashMap get (Ljava/lang/Object;)Ljava/lang/Object; 2081 121 30064 0 -1
ciMethod java/util/concurrent/ConcurrentHashMap computeIfAbsent (Ljava/lang/Object;Ljava/util/function/Function;)Ljava/lang/Object; 512641 148497 378501 0 -1
ciMethod java/util/concurrent/ConcurrentHashMap initTable ()[Ljava/util/concurrent/ConcurrentHashMap$Node; 65 1 4601 0 -1
ciMethod java/util/concurrent/ConcurrentHashMap addCount (JI)V 2049 65 35685 0 -1
ciMethod java/util/concurrent/ConcurrentHashMap helpTransfer ([Ljava/util/concurrent/ConcurrentHashMap$Node;Ljava/util/concurrent/ConcurrentHashMap$Node;)[Ljava/util/concurrent/ConcurrentHashMap$Node; 1 1 1463 0 -1
ciMethod java/util/concurrent/ConcurrentHashMap treeifyBin ([Ljava/util/concurrent/ConcurrentHashMap$Node;I)V 1 1 3 0 -1
ciMethod java/util/concurrent/ConcurrentHashMap$Node <init> (ILjava/lang/Object;Ljava/lang/Object;Ljava/util/concurrent/ConcurrentHashMap$Node;)V 2081 1 138275 0 -1
ciMethod java/util/HashSet <init> ()V 17 1 147157 0 -1
ciMethod java/util/function/Function apply (Ljava/lang/Object;)Ljava/lang/Object; 0 0 1 0 -1
ciMethod java/util/Queue add (Ljava/lang/Object;)Z 0 0 1 0 -1
ciMethod java/u